<?xml version="1.0" encoding="UTF-8"?>
<testsuite xmlns:xsi="http://www.w3.org/2001/XMLSchema-instance" xsi:noNamespaceSchemaLocation="https://maven.apache.org/surefire/maven-surefire-plugin/xsd/surefire-test-report.xsd" name="solutiontest.MergeIntervallsTest" time="0.131" tests="7" errors="0" skipped="0" failures="0">
  <properties>
[...]
</properties>
  <testcase name="assertEmptyArrayIsReturnedIfEmptyArrayIsProvided" classname="solutiontest.MergeIntervallsTest" time="0.016"/>
  <testcase name="assertCorrectResultForFurtherIntervallsNoOverlap" classname="solutiontest.MergeIntervallsTest" time="0.001"/>
  <testcase name="assertCorrectResultForFurtherIntervallsZeroValue" classname="solutiontest.MergeIntervallsTest" time="0"/>
  <testcase name="assertCorrectResultForFurtherIntervalls" classname="solutiontest.MergeIntervallsTest" time="0"/>
  <testcase name="assertCorrectResultForFurtherIntervallsNullValues" classname="solutiontest.MergeIntervallsTest" time="0.001"/>
  <testcase name="assertCorrectResultForGivenExample" classname="solutiontest.MergeIntervallsTest" time="0.001"/>
  <testcase name="assertCorrectResultForFurtherIntervallsNegativeValues" classname="solutiontest.MergeIntervallsTest" time="0"/>
</testsuite>